2023/07/25 16:02:11 [notice] 1#1: using the "epoll" event method
2023/07/25 16:02:11 [notice] 1#1: nginx/1.21.5
2023/07/25 16:02:11 [notice] 1#1: built by gcc 10.2.1 20210110 (Debian 10.2.1-6) 
2023/07/25 16:02:11 [notice] 1#1: OS: Linux 5.10.124-linuxkit
2023/07/25 16:02:11 [notice] 1#1: getrlimit(RLIMIT_NOFILE): 1048576:1048576
2023/07/25 16:02:11 [notice] 1#1: start worker processes
2023/07/25 16:02:11 [notice] 1#1: start worker process 24
2023/07/25 16:02:11 [notice] 1#1: start worker process 25
2023/07/25 16:02:11 [notice] 1#1: start worker process 26
2023/07/25 16:02:11 [notice] 1#1: start worker process 27
2023/07/25 16:02:11 [notice] 1#1: start worker process 28
2023/07/25 16:02:11 [notice] 1#1: start worker process 29
2023/07/25 16:02:33 [error] 24#24: *3 directory index of "/data/www/" is forbidden, client: 172.19.0.1, server: localhost, request: "GET / HTTP/1.1", host: "127.0.0.1"
2023/07/25 16:06:28 [notice] 1#1: signal 3 (SIGQUIT) received, shutting down
2023/07/25 16:06:28 [notice] 25#25: gracefully shutting down
2023/07/25 16:06:28 [notice] 29#29: gracefully shutting down
2023/07/25 16:06:28 [notice] 29#29: exiting
2023/07/25 16:06:28 [notice] 26#26: gracefully shutting down
2023/07/25 16:06:28 [notice] 24#24: gracefully shutting down
2023/07/25 16:06:28 [notice] 28#28: gracefully shutting down
2023/07/25 16:06:28 [notice] 27#27: gracefully shutting down
2023/07/25 16:06:28 [notice] 25#25: exiting
2023/07/25 16:06:28 [notice] 25#25: exit
2023/07/25 16:06:28 [notice] 29#29: exit
2023/07/25 16:06:28 [notice] 26#26: exiting
2023/07/25 16:06:28 [notice] 24#24: exiting
2023/07/25 16:06:28 [notice] 28#28: exiting
2023/07/25 16:06:28 [notice] 27#27: exiting
2023/07/25 16:06:28 [notice] 26#26: exit
2023/07/25 16:06:28 [notice] 24#24: exit
2023/07/25 16:06:28 [notice] 28#28: exit
2023/07/25 16:06:28 [notice] 27#27: exit
2023/07/25 16:06:28 [notice] 1#1: signal 17 (SIGCHLD) received from 29
2023/07/25 16:06:28 [notice] 1#1: worker process 25 exited with code 0
2023/07/25 16:06:28 [notice] 1#1: worker process 29 exited with code 0
2023/07/25 16:06:28 [notice] 1#1: signal 29 (SIGIO) received
2023/07/25 16:06:28 [notice] 1#1: signal 17 (SIGCHLD) received from 25
2023/07/25 16:06:28 [notice] 1#1: signal 17 (SIGCHLD) received from 26
2023/07/25 16:06:28 [notice] 1#1: worker process 24 exited with code 0
2023/07/25 16:06:28 [notice] 1#1: worker process 26 exited with code 0
2023/07/25 16:06:28 [notice] 1#1: signal 29 (SIGIO) received
2023/07/25 16:06:28 [notice] 1#1: signal 17 (SIGCHLD) received from 24
2023/07/25 16:06:28 [notice] 1#1: worker process 27 exited with code 0
2023/07/25 16:06:28 [notice] 1#1: worker process 28 exited with code 0
2023/07/25 16:06:28 [notice] 1#1: exit
2023/07/25 16:08:07 [notice] 1#1: using the "epoll" event method
2023/07/25 16:08:07 [notice] 1#1: nginx/1.21.5
2023/07/25 16:08:07 [notice] 1#1: built by gcc 10.2.1 20210110 (Debian 10.2.1-6) 
2023/07/25 16:08:07 [notice] 1#1: OS: Linux 5.10.124-linuxkit
2023/07/25 16:08:07 [notice] 1#1: getrlimit(RLIMIT_NOFILE): 1048576:1048576
2023/07/25 16:08:07 [notice] 1#1: start worker processes
2023/07/25 16:08:07 [notice] 1#1: start worker process 24
2023/07/25 16:08:07 [notice] 1#1: start worker process 25
2023/07/25 16:08:07 [notice] 1#1: start worker process 26
2023/07/25 16:08:07 [notice] 1#1: start worker process 27
2023/07/25 16:08:07 [notice] 1#1: start worker process 28
2023/07/25 16:08:07 [notice] 1#1: start worker process 29
